<?xml version="1.0" encoding="UTF-8"?>
<!-- Generated by org.testng.reporters.JUnitReportReporter -->
<testsuite hostname="MAHADEV" failures="0" tests="1" name="com.stackoverflow.testrig.StackEx" time="16.099" errors="0" timestamp="2021-08-23T14:37:50 IST" skipped="0">
  <testcase classname="com.stackoverflow.testrig.StackEx" name="countMaxQuestionsFromTag" time="16.099"/>
  <system-out/>
</testsuite> <!-- com.stackoverflow.testrig.StackEx -->
